<?xml version="1.0" encoding="UTF-8"?>
<testsuite xmlns:xsi="http://www.w3.org/2001/XMLSchema-instance" xsi:noNamespaceSchemaLocation="https://maven.apache.org/surefire/maven-surefire-plugin/xsd/surefire-test-report.xsd" name="demo_java_app.app.AppTest" time="0.438" tests="14" errors="0" skipped="0" failures="0">
  <properties>
    <property name="java.specification.version" value="15"/>
    <property name="sun.jnu.encoding" value="UTF-8"/>
    <property name="java.class.path" value="/Users/michael/Desktop/jenkins_test/java_app_test/myJavaApp/target/test-classes:/Users/michael/Desktop/jenkins_test/java_app_test/myJavaApp/target/classes:/Users/michael/.m2/repository/junit/junit/4.11/junit-4.11.jar:/Users/michael/.m2/repository/org/hamcrest/hamcrest-core/1.3/hamcrest-core-1.3.jar:/Users/michael/.m2/repository/org/junit/jupiter/junit-jupiter-engine/5.8.0-M1/junit-jupiter-engine-5.8.0-M1.jar:/Users/michael/.m2/repository/org/apiguardian/apiguardian-api/1.1.1/apiguardian-api-1.1.1.jar:/Users/michael/.m2/repository/org/junit/platform/junit-platform-engine/1.8.0-M1/junit-platform-engine-1.8.0-M1.jar:/Users/michael/.m2/repository/org/opentest4j/opentest4j/1.2.0/opentest4j-1.2.0.jar:/Users/michael/.m2/repository/org/junit/platform/junit-platform-commons/1.8.0-M1/junit-platform-commons-1.8.0-M1.jar:/Users/michael/.m2/repository/org/junit/jupiter/junit-jupiter-api/5.8.0-M1/junit-jupiter-api-5.8.0-M1.jar:/Users/michael/.m2/repository/org/jetbrains/kotlin/kotlin-stdlib-jdk8/1.4.20/kotlin-stdlib-jdk8-1.4.20.jar:/Users/michael/.m2/repository/org/jetbrains/kotlin/kotlin-stdlib/1.4.20/kotlin-stdlib-1.4.20.jar:/Users/michael/.m2/repository/org/jetbrains/kotlin/kotlin-stdlib-common/1.4.20/kotlin-stdlib-common-1.4.20.jar:/Users/michael/.m2/repository/org/jetbrains/annotations/13.0/annotations-13.0.jar:/Users/michael/.m2/repository/org/jetbrains/kotlin/kotlin-stdlib-jdk7/1.4.20/kotlin-stdlib-jdk7-1.4.20.jar:/Users/michael/.m2/repository/org/junit/jupiter/junit-jupiter-params/5.8.0-M1/junit-jupiter-params-5.8.0-M1.jar:"/>
    <property name="java.vm.vendor" value="Oracle Corporation"/>
    <property name="sun.arch.data.model" value="64"/>
    <property name="java.vendor.url" value="https://openjdk.java.net/"/>
    <property name="os.name" value="Mac OS X"/>
    <property name="java.vm.specification.version" value="15"/>
    <property name="sun.java.launcher" value="SUN_STANDARD"/>
    <property name="user.country" value="DE"/>
    <property name="sun.boot.library.path" value="/usr/local/Cellar/openjdk/15.0.2/libexec/openjdk.jdk/Contents/Home/lib"/>
    <property name="sun.java.command" value="/Users/michael/Desktop/jenkins_test/java_app_test/myJavaApp/target/surefire/surefirebooter13126658699301604541.jar /Users/michael/Desktop/jenkins_test/java_app_test/myJavaApp/target/surefire 2021-05-03T12-38-53_820-jvmRun1 surefire2960625257442221602tmp surefire_06152573045172993228tmp"/>
    <property name="jdk.debug" value="release"/>
    <property name="surefire.test.class.path" value="/Users/michael/Desktop/jenkins_test/java_app_test/myJavaApp/target/test-classes:/Users/michael/Desktop/jenkins_test/java_app_test/myJavaApp/target/classes:/Users/michael/.m2/repository/junit/junit/4.11/junit-4.11.jar:/Users/michael/.m2/repository/org/hamcrest/hamcrest-core/1.3/hamcrest-core-1.3.jar:/Users/michael/.m2/repository/org/junit/jupiter/junit-jupiter-engine/5.8.0-M1/junit-jupiter-engine-5.8.0-M1.jar:/Users/michael/.m2/repository/org/apiguardian/apiguardian-api/1.1.1/apiguardian-api-1.1.1.jar:/Users/michael/.m2/repository/org/junit/platform/junit-platform-engine/1.8.0-M1/junit-platform-engine-1.8.0-M1.jar:/Users/michael/.m2/repository/org/opentest4j/opentest4j/1.2.0/opentest4j-1.2.0.jar:/Users/michael/.m2/repository/org/junit/platform/junit-platform-commons/1.8.0-M1/junit-platform-commons-1.8.0-M1.jar:/Users/michael/.m2/repository/org/junit/jupiter/junit-jupiter-api/5.8.0-M1/junit-jupiter-api-5.8.0-M1.jar:/Users/michael/.m2/repository/org/jetbrains/kotlin/kotlin-stdlib-jdk8/1.4.20/kotlin-stdlib-jdk8-1.4.20.jar:/Users/michael/.m2/repository/org/jetbrains/kotlin/kotlin-stdlib/1.4.20/kotlin-stdlib-1.4.20.jar:/Users/michael/.m2/repository/org/jetbrains/kotlin/kotlin-stdlib-common/1.4.20/kotlin-stdlib-common-1.4.20.jar:/Users/michael/.m2/repository/org/jetbrains/annotations/13.0/annotations-13.0.jar:/Users/michael/.m2/repository/org/jetbrains/kotlin/kotlin-stdlib-jdk7/1.4.20/kotlin-stdlib-jdk7-1.4.20.jar:/Users/michael/.m2/repository/org/junit/jupiter/junit-jupiter-params/5.8.0-M1/junit-jupiter-params-5.8.0-M1.jar:"/>
    <property name="sun.cpu.endian" value="little"/>
    <property name="user.home" value="/Users/michael"/>
    <property name="user.language" value="en"/>
    <property name="java.specification.vendor" value="Oracle Corporation"/>
    <property name="java.version.date" value="2021-01-19"/>
    <property name="java.home" value="/usr/local/Cellar/openjdk/15.0.2/libexec/openjdk.jdk/Contents/Home"/>
    <property name="file.separator" value="/"/>
    <property name="basedir" value="/Users/michael/Desktop/jenkins_test/java_app_test/myJavaApp"/>
    <property name="java.vm.compressedOopsMode" value="Zero based"/>
    <property name="line.separator" value="&#10;"/>
    <property name="java.vm.specification.vendor" value="Oracle Corporation"/>
    <property name="java.specification.name" value="Java Platform API Specification"/>
    <property name="surefire.real.class.path" value="/Users/michael/Desktop/jenkins_test/java_app_test/myJavaApp/target/surefire/surefirebooter13126658699301604541.jar"/>
    <property name="sun.management.compiler" value="HotSpot 64-Bit Tiered Compilers"/>
    <property name="java.runtime.version" value="15.0.2+7"/>
    <property name="user.name" value="michael"/>
    <property name="path.separator" value=":"/>
    <property name="os.version" value="10.15.7"/>
    <property name="java.runtime.name" value="OpenJDK Runtime Environment"/>
    <property name="file.encoding" value="UTF-8"/>
    <property name="java.vm.name" value="OpenJDK 64-Bit Server VM"/>
    <property name="localRepository" value="/Users/michael/.m2/repository"/>
    <property name="java.vendor.url.bug" value="https://bugreport.java.com/bugreport/"/>
    <property name="java.io.tmpdir" value="/var/folders/wm/dgl460hn6wb7ztyd49ml2xt40000gn/T/"/>
    <property name="java.version" value="15.0.2"/>
    <property name="user.dir" value="/Users/michael/Desktop/jenkins_test/java_app_test/myJavaApp"/>
    <property name="os.arch" value="x86_64"/>
    <property name="java.vm.specification.name" value="Java Virtual Machine Specification"/>
    <property name="java.library.path" value="/Users/michael/Library/Java/Extensions:/Library/Java/Extensions:/Network/Library/Java/Extensions:/System/Library/Java/Extensions:/usr/lib/java:."/>
    <property name="java.vm.info" value="mixed mode, sharing"/>
    <property name="java.vendor" value="N/A"/>
    <property name="java.vm.version" value="15.0.2+7"/>
    <property name="sun.io.unicode.encoding" value="UnicodeBig"/>
    <property name="java.class.version" value="59.0"/>
  </properties>
  <testcase name="BeignsWithAg{String, Boolean}[1]" classname="demo_java_app.app.AppTest" time="0.112"/>
  <testcase name="BeignsWithAg{String, Boolean}[2]" classname="demo_java_app.app.AppTest" time="0.002"/>
  <testcase name="BeignsWithAg{String, Boolean}[3]" classname="demo_java_app.app.AppTest" time="0.002"/>
  <testcase name="BeignsWithAg{String, Boolean}[4]" classname="demo_java_app.app.AppTest" time="0.004"/>
  <testcase name="BeignsWithAg{String, Boolean}[5]" classname="demo_java_app.app.AppTest" time="0.005"/>
  <testcase name="BeignsWithAg{String, Boolean}[6]" classname="demo_java_app.app.AppTest" time="0.004"/>
  <testcase name="RandomlyPlacedG{String, Boolean}[1]" classname="demo_java_app.app.AppTest" time="0.003"/>
  <testcase name="RandomlyPlacedG{String, Boolean}[2]" classname="demo_java_app.app.AppTest" time="0.005"/>
  <testcase name="RandomlyPlacedG{String, Boolean}[3]" classname="demo_java_app.app.AppTest" time="0.003"/>
  <testcase name="RandomlyPlacedG{String, Boolean}[4]" classname="demo_java_app.app.AppTest" time="0.002"/>
  <testcase name="EndsWithAg{String, boolean}[1]" classname="demo_java_app.app.AppTest" time="0.002"/>
  <testcase name="EndsWithAg{String, boolean}[2]" classname="demo_java_app.app.AppTest" time="0.003"/>
  <testcase name="EndsWithAg{String, boolean}[3]" classname="demo_java_app.app.AppTest" time="0.001"/>
  <testcase name="EndsWithAg{String, boolean}[4]" classname="demo_java_app.app.AppTest" time="0.001"/>
</testsuite>